<?xml version="1.0" encoding="UTF-8"?>
<testsuite xmlns:xsi="http://www.w3.org/2001/XMLSchema-instance" xsi:noNamespaceSchemaLocation="https://maven.apache.org/surefire/maven-surefire-plugin/xsd/surefire-test-report.xsd" name="com.cg.frs.daotest.TestDao" time="3.048" tests="15" errors="11" skipped="0" failures="3">
  <properties>
[...]
</properties>
  <testcase name="testAddUser" classname="com.cg.frs.daotest.TestDao" time="0.021">
    <error message="org.hibernate.PersistentObjectException: detached entity passed to persist: com.cg.frs.dto.User" type="javax.persistence.PersistenceException">javax.persistence.PersistenceException: org.hibernate.PersistentObjectException: detached entity passed to persist: com.cg.frs.dto.User
	at com.cg.frs.daotest.TestDao.testAddUser(TestDao.java:117)
Caused by: org.hibernate.PersistentObjectException: detached entity passed to persist: com.cg.frs.dto.User
	at com.cg.frs.daotest.TestDao.testAddUser(TestDao.java:117)
</error>
  </testcase>
  <testcase name="testViewScheduleFlight" classname="com.cg.frs.daotest.TestDao" time="0.142">
    <failure message="expected: &lt;com.cg.frs.dto.ScheduleFlight@9edfefb0&gt; but was: &lt;[com.cg.frs.dto.ScheduleFlight@8fbe487e]&gt;" type="org.opentest4j.AssertionFailedError"><![CDATA[org.opentest4j.AssertionFailedError: expected: <com.cg.frs.dto.ScheduleFlight@9edfefb0> but was: <[com.cg.frs.dto.ScheduleFlight@8fbe487e]>
	at com.cg.frs.daotest.TestDao.testViewScheduleFlight(TestDao.java:180)
]]></failure>
  </testcase>
  <testcase name="testViewBooking" classname="com.cg.frs.daotest.TestDao" time="0.001"/>
  <testcase name="testAddScheduleFlight" classname="com.cg.frs.daotest.TestDao" time="0.002">
    <error message="org.hibernate.id.IdentifierGenerationException: ids for this class must be manually assigned before calling save(): com.cg.frs.dto.ScheduleFlight" type="javax.persistence.PersistenceException">javax.persistence.PersistenceException: org.hibernate.id.IdentifierGenerationException: ids for this class must be manually assigned before calling save(): com.cg.frs.dto.ScheduleFlight
	at com.cg.frs.daotest.TestDao.testAddScheduleFlight(TestDao.java:175)
Caused by: org.hibernate.id.IdentifierGenerationException: ids for this class must be manually assigned before calling save(): com.cg.frs.dto.ScheduleFlight
	at com.cg.frs.daotest.TestDao.testAddScheduleFlight(TestDao.java:175)
</error>
  </testcase>
  <testcase name="testDeleteFlight" classname="com.cg.frs.daotest.TestDao" time="0.007">
    <error type="java.lang.NullPointerException">java.lang.NullPointerException
	at com.cg.frs.daotest.TestDao.testDeleteFlight(TestDao.java:170)
</error>
  </testcase>
  <testcase name="testAddFlight" classname="com.cg.frs.daotest.TestDao" time="0.001">
    <error message="Transaction already active" type="java.lang.IllegalStateException">java.lang.IllegalStateException: Transaction already active
	at com.cg.frs.daotest.TestDao.testAddFlight(TestDao.java:154)
</error>
  </testcase>
  <testcase name="testModifyUser" classname="com.cg.frs.daotest.TestDao" time="0.002">
    <error message="Transaction already active" type="java.lang.IllegalStateException">java.lang.IllegalStateException: Transaction already active
	at com.cg.frs.daotest.TestDao.testModifyUser(TestDao.java:127)
</error>
  </testcase>
  <testcase name="testModifyFlight" classname="com.cg.frs.daotest.TestDao" time="0.003">
    <error message="Transaction already active" type="java.lang.IllegalStateException">java.lang.IllegalStateException: Transaction already active
	at com.cg.frs.daotest.TestDao.testModifyFlight(TestDao.java:159)
</error>
  </testcase>
  <testcase name="testDeleteUser" classname="com.cg.frs.daotest.TestDao" time="0.001">
    <error message="Transaction already active" type="java.lang.IllegalStateException">java.lang.IllegalStateException: Transaction already active
	at com.cg.frs.daotest.TestDao.testDeleteUser(TestDao.java:132)
</error>
  </testcase>
  <testcase name="testAddBooking" classname="com.cg.frs.daotest.TestDao" time="0">
    <error message="id to load is required for loading" type="java.lang.IllegalArgumentException">java.lang.IllegalArgumentException: id to load is required for loading
	at com.cg.frs.daotest.TestDao.testAddBooking(TestDao.java:138)
</error>
  </testcase>
  <testcase name="testViewFlight" classname="com.cg.frs.daotest.TestDao" time="0.005">
    <failure message="expected: &lt;Flight [flightNumber=12345, flightModel=BestModel111, carrierName=BestCarrier, seatCapacity=50, flightState=null]&gt; but was: &lt;[Flight [flightNumber=2, flightModel=Boeing787, carrierName=Indigo, seatCapacity=35, flightState=true]]&gt;" type="org.opentest4j.AssertionFailedError">org.opentest4j.AssertionFailedError: expected: &lt;Flight [flightNumber=12345, flightModel=BestModel111, carrierName=BestCarrier, seatCapacity=50, flightState=null]&gt; but was: &lt;[Flight [flightNumber=2, flightModel=Boeing787, carrierName=Indigo, seatCapacity=35, flightState=true]]&gt;	at com.cg.frs.daotest.TestDao.testViewFlight(TestDao.java:164)</failure>
  </testcase>
  <testcase name="testModifyScheduleFlight" classname="com.cg.frs.daotest.TestDao" time="0.001">
    <error message="id to load is required for loading" type="java.lang.IllegalArgumentException">java.lang.IllegalArgumentException: id to load is required for loading
	at com.cg.frs.daotest.TestDao.testModifyScheduleFlight(TestDao.java:185)
</error>
  </testcase>
  <testcase name="testDeleteScheduleFlight" classname="com.cg.frs.daotest.TestDao" time="0.002">
    <error type="java.lang.NullPointerException">java.lang.NullPointerException
	at com.cg.frs.daotest.TestDao.testDeleteScheduleFlight(TestDao.java:190)
</error>
  </testcase>
  <testcase name="testDeleteBooking" classname="com.cg.frs.daotest.TestDao" time="0.007">
    <error type="java.lang.NullPointerException">java.lang.NullPointerException
	at com.cg.frs.daotest.TestDao.testDeleteBooking(TestDao.java:149)
</error>
  </testcase>
  <testcase name="testViewUser" classname="com.cg.frs.daotest.TestDao" time="0">
    <failure message="expected: &lt;User [userType=customer, userId=99999, userName=ADMIN, userPassword=ADMIN, userPhone=9999999999, email=admin@frs.com, userState=null]&gt; but was: &lt;User [userType=admin, userId=99999, userName=admin, userPassword=admin, userPhone=9999999999, email=admin@admin.com, userState=true]&gt;" type="org.opentest4j.AssertionFailedError"><![CDATA[org.opentest4j.AssertionFailedError: expected: <User [userType=customer, userId=99999, userName=ADMIN, userPassword=ADMIN, userPhone=9999999999, email=admin@frs.com, userState=null]> but was: <User [userType=admin, userId=99999, userName=admin, userPassword=admin, userPhone=9999999999, email=admin@admin.com, userState=true]>
	at com.cg.frs.daotest.TestDao.testViewUser(TestDao.java:122)
]]></failure>
  </testcase>
</testsuite>